make all --print-data-base --no-builtin-variables --no-builtin-rules --question
# GNU Make 4.3
# Built for x86_64-pc-linux-gnu
# Copyright (C) 1988-2020 Free Software Foundation, Inc.
# License GPLv3+: GNU GPL version 3 or later <http://gnu.org/licenses/gpl.html>
# This is free software: you are free to change and redistribute it.
# There is NO WARRANTY, to the extent permitted by law.

# Make data base, printed on Fri Aug 12 21:12:45 2022

# Variables

# environment
GDK_BACKEND = x11
# environment
LC_ALL = C
# environment
NO_AT_BRIDGE = 1
# environment
GTK_RC_FILES = /etc/gtk/gtkrc:/home/wanghl/.gtkrc:/home/wanghl/.config/gtkrc
# environment
LC_NAME = zh_CN.UTF-8
# environment
LC_NUMERIC = zh_CN.UTF-8
# environment
VSCODE_CWD = /home/wanghl
# environment
LC_ADDRESS = zh_CN.UTF-8
# environment
LIBVIRT_DEFAULT_URI = qemu:///system
# default
MAKE_COMMAND := make
# environment
QT_ACCESSIBILITY = 1
# automatic
@D = $(patsubst %/,%,$(dir $@))
# environment
VSCODE_HANDLES_UNCAUGHT_ERRORS = true
# default
.VARIABLES := 
# environment
PWD = /data/mworks/works.my/freeswitch/fs_vmd_src/wwsocket
# automatic
%D = $(patsubst %/,%,$(dir $%))
# environment
XDG_DATA_DIRS = /usr/share/plasma:/usr/share/gnome:/usr/local/share:/usr/share:/var/lib/snapd/desktop
# environment
HISTTIMEFORMAT = %F %T 
# automatic
^D = $(patsubst %/,%,$(dir $^))
# automatic
%F = $(notdir $%)
# environment
VSCODE_CODE_CACHE_PATH = /home/wanghl/.config/Code/CachedData/da76f93349a72022ca4670c1b84860304616aaa2
# environment
XDG_SESSION_PATH = /org/freedesktop/DisplayManager/Session0
# environment
LANG = C
# environment
XAUTHORITY = /home/wanghl/.Xauthority
# default
.LOADED := 
# default
.INCLUDE_DIRS = /usr/local/include /usr/include /usr/include
# makefile
MAKEFLAGS = pqrR
# makefile (from 'Makefile', line 7)
XMODCFLAGS = -Wall -Werror --std=gnu99 
# makefile
CURDIR := /data/mworks/works.my/freeswitch/fs_vmd_src/wwsocket
# environment
APPLICATION_INSIGHTS_NO_DIAGNOSTIC_CHANNEL = true
# environment
LESSOPEN = | /usr/bin/lesspipe %s
# automatic
*D = $(patsubst %/,%,$(dir $*))
# environment
MFLAGS = -pqrR
# environment
SSH_AUTH_SOCK = /tmp/ssh-XXXXXXdn8n6j/agent.2364
# default
.SHELLFLAGS := -c
# environment
XDG_CONFIG_DIRS = /home/wanghl/.config/kdedefaults:/etc/xdg/xdg-plasma:/etc/xdg:/usr/share/kubuntu-default-settings/kf5-settings
# automatic
+D = $(patsubst %/,%,$(dir $+))
# environment
XCURSOR_THEME = breeze_cursors
# environment
XDG_SESSION_DESKTOP = KDE
# makefile (from 'Makefile', line 1)
MAKEFILE_LIST := Makefile
# automatic
@F = $(notdir $@)
# environment
VSCODE_PID = 173736
# environment
XDG_SESSION_TYPE = x11
# automatic
?D = $(patsubst %/,%,$(dir $?))
# makefile (from 'Makefile', line 8)
MODCFLAGS = -Wall -Wextra -pedantic --std=gnu99
# environment
SESSION_MANAGER = local/laptopg:@/tmp/.ICE-unix/2647,unix/laptopg:/tmp/.ICE-unix/2647
# automatic
*F = $(notdir $*)
# environment
CHROME_DESKTOP = code-url-handler.desktop
# environment
DBUS_SESSION_BUS_ADDRESS = unix:path=/run/user/1000/bus
# automatic
<D = $(patsubst %/,%,$(dir $<))
# environment
VSCODE_NLS_CONFIG = {"locale":"zh-cn","availableLanguages":{"*":"zh-cn"},"_languagePackId":"08bdb29c43b4c03defdaaecc51ad48b6.zh-cn","_translationsConfigFile":"/home/wanghl/.config/Code/clp/08bdb29c43b4c03defdaaecc51ad48b6.zh-cn/tcf.json","_cacheRoot":"/home/wanghl/.config/Code/clp/08bdb29c43b4c03defdaaecc51ad48b6.zh-cn","_resolvedLanguagePackCoreLocation":"/home/wanghl/.config/Code/clp/08bdb29c43b4c03defdaaecc51ad48b6.zh-cn/da76f93349a72022ca4670c1b84860304616aaa2","_corruptedFile":"/home/wanghl/.config/Code/clp/08bdb29c43b4c03defdaaecc51ad48b6.zh-cn/corrupted.info","_languagePackSupport":true}
# makefile (from 'Makefile', line 11)
INCLUDE = -I. -I./include 
# default
MAKE_HOST := x86_64-pc-linux-gnu
# makefile
SHELL = /bin/sh
# default
MAKECMDGOALS := all
# environment
XMODIFIERS = @im=fcitx
# makefile (from 'Makefile', line 3)
objects := base64.o libwsclient.o sha1.o utils.o wsclient.o
# environment
SHLVL = 0
# environment
MAKELEVEL := 0
# default
MAKE = $(MAKE_COMMAND)
# environment
PATH = /home/wanghl/.local/bin:/home/wanghl/.local/bin:/usr/local/sbin:/usr/local/bin:/usr/sbin:/usr/bin:/sbin:/bin:/usr/games:/usr/local/games:/snap/bin
# default
MAKEFILES := 
# environment
LANGUAGE = zh_CN:en_US
# makefile (from 'Makefile', line 5)
MODOBJ = $(objects) 
# environment
LC_MONETARY = zh_CN.UTF-8
# automatic
^F = $(notdir $^)
# environment
LC_TIME = zh_CN.UTF-8
# environment
LC_TELEPHONE = zh_CN.UTF-8
# environment
LESSCLOSE = /usr/bin/lesspipe %s %s
# automatic
?F = $(notdir $?)
# environment
KDE_APPLICATIONS_AS_SCOPE = 1
# environment
XDG_SEAT = seat0
# environment
GTK_IM_MODULE = fcitx
# environment
XDG_CURRENT_DESKTOP = KDE
# environment
LS_COLORS = 
# automatic
+F = $(notdir $+)
# environment
XDG_SEAT_PATH = /org/freedesktop/DisplayManager/Seat0
# environment
DESKTOP_SESSION = plasma
# environment
ORIGINAL_XDG_CURRENT_DESKTOP = KDE
# 'override' directive
GNUMAKEFLAGS := 
# environment
QT_SCREEN_SCALE_FACTORS = HDMI-0=1;DP-0=1;DP-1=1;eDP-1-1=1;DP-1-1=1;HDMI-1-1=1;
# environment
CLUTTER_IM_MODULE = fcitx
# environment
LOGNAME = wanghl
# environment
XDG_VTNR = 1
# makefile
.DEFAULT_GOAL := all
# environment
SYSTEMD_EXEC_PID = 2350
# environment
DISPLAY = :0
# environment
USER = wanghl
# environment
GTK_MODULES = gail:atk-bridge
# default
MAKE_VERSION := 4.3
# environment
KDE_SESSION_UID = 1000
# environment
LC_MEASUREMENT = zh_CN.UTF-8
# environment
SSH_AGENT_PID = 2444
# environment
_ = /usr/share/code/code
# environment
LC_PAPER = zh_CN.UTF-8
# environment
XDG_RUNTIME_DIR = /run/user/1000
# makefile (from 'Makefile', line 16)
CFLAGS = -fPIC -g -ggdb  $(MODCFLAGS) $(INCLUDE) 
# environment
GPG_AGENT_INFO = /run/user/1000/gnupg/S.gpg-agent:0:1
# environment
XDG_SESSION_CLASS = user
# environment
VSCODE_AMD_ENTRYPOINT = vs/workbench/api/node/extensionHostProcess
# environment
GTK2_RC_FILES = /etc/gtk-2.0/gtkrc:/home/wanghl/.gtkrc-2.0:/home/wanghl/.config/gtkrc-2.0
# environment
HOME = /home/wanghl
# environment
QT_IM_MODULE = fcitx
# environment
ELECTRON_RUN_AS_NODE = 1
# environment
VSCODE_IPC_HOOK = /run/user/1000/vscode-f21fe8a9-1.70.0-main.sock
# environment
XDG_SESSION_ID = 1
# environment
XCURSOR_SIZE = 24
# environment
IM_CONFIG_PHASE = 1
# default
.RECIPEPREFIX := 
# automatic
<F = $(notdir $<)
# default
SUFFIXES := 
# environment
QT_AUTO_SCREEN_SCALE_FACTOR = 0
# environment
KDE_SESSION_VERSION = 5
# default
.FEATURES := target-specific order-only second-expansion else-if shortest-stem undefine oneshell nocomment grouped-target extra-prereqs archives jobserver output-sync check-symlink load
# makefile (from 'Makefile', line 14)
CC = gcc
# environment
KDE_FULL_SESSION = true
# makefile (from 'Makefile', line 1)
MODNAME = lib/libwwsocket.a
# environment
LC_IDENTIFICATION = zh_CN.UTF-8
# variable set hash-table stats:
# Load=118/1024=12%, Rehash=0, Collisions=4/153=3%

# Pattern-specific Variable Values

# No pattern-specific variable values.

# Directories

# . (device 66305, inode 55712305): 19 files, no impossibilities.

# 19 files, no impossibilities in 1 directories.

# Implicit Rules

# No implicit rules.

# Files

dist: clean all
#  Implicit rule search has not been done.
#  Modification time never checked.
#  File has not been updated.

.c.o:
#  Implicit rule search has not been done.
#  Modification time never checked.
#  File has not been updated.
#  recipe to execute (from 'Makefile', line 27):
	@$(CC) $(CFLAGS) -o $@ -c $<

# Not a target:
wsclient.o:
 
#  Implicit rule search has been done.
#  Last modified 2022-08-12 21:03:09.0571578
#  File has been updated.
#  Successfully updated.

Debug:
#  Phony target (prerequisite of .PHONY).
#  Implicit rule search has not been done.
#  File does not exist.
#  File has not been updated.

# Not a target:
Makefile:
#  Implicit rule search has been done.
#  Last modified 2022-08-12 21:03:05.161095105
#  File has been updated.
#  Successfully updated.

# Not a target:
sha1.o:
#  Implicit rule search has been done.
#  Last modified 2022-08-12 21:03:08.925155677
#  File has been updated.
#  Successfully updated.

clean:
#  Phony target (prerequisite of .PHONY).
#  Implicit rule search has not been done.
#  File does not exist.
#  File has not been updated.
#  recipe to execute (from 'Makefile', line 32):
	rm -f $(MODNAME) $(MODOBJ)

# Not a target:
libwsclient.o:
#  Implicit rule search has been done.
#  Last modified 2022-08-12 21:03:08.905155355
#  File has been updated.
#  Successfully updated.

# Not a target:
.DEFAULT:
#  Implicit rule search has not been done.
#  Modification time never checked.
#  File has not been updated.

all: lib/libwwsocket.a
#  Phony target (prerequisite of .PHONY).
#  Command line target.
#  Implicit rule search has not been done.
#  File does not exist.
#  File has been updated.
#  Successfully updated.

Release:
#  Phony target (prerequisite of .PHONY).
#  Implicit rule search has not been done.
#  File does not exist.
#  File has not been updated.

lib/libwwsocket.a: base64.o libwsclient.o sha1.o utils.o wsclient.o
#  Implicit rule search has not been done.
#  Last modified 2022-08-12 21:03:09.089158315
#  File has been updated.
#  Successfully updated.
#  recipe to execute (from 'Makefile', line 23):
	ar rcs $(MODNAME) $(MODOBJ)
	ranlib $@

# Not a target:
utils.o:
#  Implicit rule search has been done.
#  Last modified 2022-08-12 21:03:08.941155935
#  File has been updated.
#  Successfully updated.

.PHONY: all Debug Release clean
#  Implicit rule search has not been done.
#  Modification time never checked.
#  File has not been updated.

# Not a target:
base64.o:
#  Implicit rule search has been done.
#  Last modified 2022-08-12 21:03:08.797153618
#  File has been updated.
#  Successfully updated.

# files hash-table stats:
# Load=16/1024=2%, Rehash=0, Collisions=0/42=0%
# VPATH Search Paths

# No 'vpath' search paths.

# No general ('VPATH' variable) search path.

# strcache buffers: 1 (0) / strings = 31 / storage = 268 B / avg = 8 B
# current buf: size = 8162 B / used = 268 B / count = 31 / avg = 8 B

# strcache performance: lookups = 54 / hit rate = 42%
# hash-table stats:
# Load=31/8192=0%, Rehash=0, Collisions=0/54=0%
# Finished Make data base on Fri Aug 12 21:12:45 2022

 
